{"level":"info","message":"Server started on port 3040","service":"calculator-microservice"}
{"level":"info","message":{"n1":53,"n2":21,"operation":"addition","result":74,"timestamp":"2025-03-31T09:11:27.335Z"},"service":"calculator-microservice"}
{"level":"info","message":{"n1":53,"n2":21,"operation":"addition","result":74,"timestamp":"2025-03-31T09:11:27.913Z"},"service":"calculator-microservice"}
{"level":"error","message":"n2 incorrectly defined","operation":"addition","service":"calculator-microservice","timestamp":"2025-03-31T09:11:42.060Z"}
{"level":"error","message":"n2 incorrectly defined","operation":"addition","service":"calculator-microservice","timestamp":"2025-03-31T09:11:42.245Z"}
{"level":"error","message":"Cannot divide by zero","operation":"division","service":"calculator-microservice","timestamp":"2025-03-31T09:11:53.795Z"}
{"level":"error","message":"Cannot divide by zero","operation":"division","service":"calculator-microservice","timestamp":"2025-03-31T09:11:53.984Z"}
{"level":"info","message":{"n1":53,"n2":5,"operation":"division","result":10.6,"timestamp":"2025-03-31T09:12:03.145Z"},"service":"calculator-microservice"}
{"level":"info","message":{"n1":53,"n2":5,"operation":"division","result":10.6,"timestamp":"2025-03-31T09:12:03.369Z"},"service":"calculator-microservice"}
{"level":"info","message":{"n1":10,"n2":5,"operation":"exponentiation","result":100000,"timestamp":"2025-03-31T09:12:20.853Z"},"service":"calculator-microservice"}
{"level":"info","message":{"n1":10,"n2":5,"operation":"exponentiation","result":100000,"timestamp":"2025-03-31T09:12:26.098Z"},"service":"calculator-microservice"}
{"level":"error","message":"n1 incorrectly defined","operation":"exponentiation","service":"calculator-microservice","timestamp":"2025-03-31T09:12:37.868Z"}
{"level":"error","message":"n1 incorrectly defined","operation":"exponentiation","service":"calculator-microservice","timestamp":"2025-03-31T09:12:38.058Z"}
{"level":"info","message":{"n1":93,"n2":8,"operation":"modulo","result":5,"timestamp":"2025-03-31T09:13:14.391Z"},"service":"calculator-microservice"}
{"level":"info","message":{"n1":93,"n2":8,"operation":"modulo","result":5,"timestamp":"2025-03-31T09:13:17.660Z"},"service":"calculator-microservice"}
{"level":"info","message":{"n1":93,"operation":"square root","result":9.643650760992955,"timestamp":"2025-03-31T09:13:45.859Z"},"service":"calculator-microservice"}
{"level":"info","message":{"n1":93,"operation":"square root","result":9.643650760992955,"timestamp":"2025-03-31T09:13:49.080Z"},"service":"calculator-microservice"}
{"level":"info","message":{"n1":25,"operation":"square root","result":5,"timestamp":"2025-03-31T09:14:19.964Z"},"service":"calculator-microservice"}
{"level":"info","message":{"n1":25,"operation":"square root","result":5,"timestamp":"2025-03-31T09:14:23.211Z"},"service":"calculator-microservice"}
{"level":"error","message":"n1 incorrectly defined","operation":"square root","service":"calculator-microservice","timestamp":"2025-03-31T09:14:48.126Z"}
{"level":"error","message":"n1 incorrectly defined","operation":"square root","service":"calculator-microservice","timestamp":"2025-03-31T09:14:48.312Z"}
{"level":"info","message":{"n1":49,"operation":"square root","result":7,"timestamp":"2025-03-31T09:15:08.110Z"},"service":"calculator-microservice"}
{"level":"info","message":{"n1":49,"operation":"square root","result":7,"timestamp":"2025-03-31T09:15:08.297Z"},"service":"calculator-microservice"}
